<?xml version="1.0" encoding="UTF-8"?>
<testsuite xmlns:xsi="http://www.w3.org/2001/XMLSchema-instance" xsi:noNamespaceSchemaLocation="https://maven.apache.org/surefire/maven-surefire-plugin/xsd/surefire-test-report-3.0.xsd" version="3.0" name="com.consolemaster.CanvasTest" time="0.037" tests="16" errors="0" skipped="0" failures="0">
  <properties>
    <property name="java.specification.version" value="21"/>
    <property name="sun.jnu.encoding" value="UTF-8"/>
    <property name="java.class.path" value="/Users/hummel/sources/mhus/console-master/target/test-classes:/Users/hummel/sources/mhus/console-master/target/classes:/Users/hummel/.m2/repository/org/projectlombok/lombok/1.18.30/lombok-1.18.30.jar:/Users/hummel/.m2/repository/org/jline/jline-terminal/3.24.1/jline-terminal-3.24.1.jar:/Users/hummel/.m2/repository/org/jline/jline-native/3.24.1/jline-native-3.24.1.jar:/Users/hummel/.m2/repository/org/jline/jline-reader/3.24.1/jline-reader-3.24.1.jar:/Users/hummel/.m2/repository/org/jline/jline-style/3.24.1/jline-style-3.24.1.jar:/Users/hummel/.m2/repository/org/junit/jupiter/junit-jupiter/5.10.0/junit-jupiter-5.10.0.jar:/Users/hummel/.m2/repository/org/junit/jupiter/junit-jupiter-api/5.10.0/junit-jupiter-api-5.10.0.jar:/Users/hummel/.m2/repository/org/opentest4j/opentest4j/1.3.0/opentest4j-1.3.0.jar:/Users/hummel/.m2/repository/org/junit/platform/junit-platform-commons/1.10.0/junit-platform-commons-1.10.0.jar:/Users/hummel/.m2/repository/org/apiguardian/apiguardian-api/1.1.2/apiguardian-api-1.1.2.jar:/Users/hummel/.m2/repository/org/junit/jupiter/junit-jupiter-params/5.10.0/junit-jupiter-params-5.10.0.jar:/Users/hummel/.m2/repository/org/junit/jupiter/junit-jupiter-engine/5.10.0/junit-jupiter-engine-5.10.0.jar:/Users/hummel/.m2/repository/org/junit/platform/junit-platform-engine/1.10.0/junit-platform-engine-1.10.0.jar:/Users/hummel/.m2/repository/org/mockito/mockito-core/5.5.0/mockito-core-5.5.0.jar:/Users/hummel/.m2/repository/net/bytebuddy/byte-buddy/1.14.6/byte-buddy-1.14.6.jar:/Users/hummel/.m2/repository/net/bytebuddy/byte-buddy-agent/1.14.6/byte-buddy-agent-1.14.6.jar:/Users/hummel/.m2/repository/org/objenesis/objenesis/3.3/objenesis-3.3.jar:/Users/hummel/.m2/repository/org/mockito/mockito-junit-jupiter/5.5.0/mockito-junit-jupiter-5.5.0.jar:"/>
    <property name="java.vm.vendor" value="GraalVM Community"/>
    <property name="sun.arch.data.model" value="64"/>
    <property name="java.vendor.url" value="https://www.graalvm.org/"/>
    <property name="user.timezone" value="Europe/Berlin"/>
    <property name="os.name" value="Mac OS X"/>
    <property name="java.vm.specification.version" value="21"/>
    <property name="sun.java.launcher" value="SUN_STANDARD"/>
    <property name="user.country" value="DE"/>
    <property name="sun.boot.library.path" value="/Users/hummel/.sdkman/candidates/java/21.0.1-graalce/lib"/>
    <property name="sun.java.command" value="/Users/hummel/sources/mhus/console-master/target/surefire/surefirebooter-20250913215333057_3.jar /Users/hummel/sources/mhus/console-master/target/surefire 2025-09-13T21-53-33_014-jvmRun1 surefire-20250913215333057_1tmp surefire_0-20250913215333057_2tmp"/>
    <property name="http.nonProxyHosts" value="local|*.local|169.254/16|*.169.254/16"/>
    <property name="jdk.debug" value="release"/>
    <property name="surefire.test.class.path" value="/Users/hummel/sources/mhus/console-master/target/test-classes:/Users/hummel/sources/mhus/console-master/target/classes:/Users/hummel/.m2/repository/org/projectlombok/lombok/1.18.30/lombok-1.18.30.jar:/Users/hummel/.m2/repository/org/jline/jline-terminal/3.24.1/jline-terminal-3.24.1.jar:/Users/hummel/.m2/repository/org/jline/jline-native/3.24.1/jline-native-3.24.1.jar:/Users/hummel/.m2/repository/org/jline/jline-reader/3.24.1/jline-reader-3.24.1.jar:/Users/hummel/.m2/repository/org/jline/jline-style/3.24.1/jline-style-3.24.1.jar:/Users/hummel/.m2/repository/org/junit/jupiter/junit-jupiter/5.10.0/junit-jupiter-5.10.0.jar:/Users/hummel/.m2/repository/org/junit/jupiter/junit-jupiter-api/5.10.0/junit-jupiter-api-5.10.0.jar:/Users/hummel/.m2/repository/org/opentest4j/opentest4j/1.3.0/opentest4j-1.3.0.jar:/Users/hummel/.m2/repository/org/junit/platform/junit-platform-commons/1.10.0/junit-platform-commons-1.10.0.jar:/Users/hummel/.m2/repository/org/apiguardian/apiguardian-api/1.1.2/apiguardian-api-1.1.2.jar:/Users/hummel/.m2/repository/org/junit/jupiter/junit-jupiter-params/5.10.0/junit-jupiter-params-5.10.0.jar:/Users/hummel/.m2/repository/org/junit/jupiter/junit-jupiter-engine/5.10.0/junit-jupiter-engine-5.10.0.jar:/Users/hummel/.m2/repository/org/junit/platform/junit-platform-engine/1.10.0/junit-platform-engine-1.10.0.jar:/Users/hummel/.m2/repository/org/mockito/mockito-core/5.5.0/mockito-core-5.5.0.jar:/Users/hummel/.m2/repository/net/bytebuddy/byte-buddy/1.14.6/byte-buddy-1.14.6.jar:/Users/hummel/.m2/repository/net/bytebuddy/byte-buddy-agent/1.14.6/byte-buddy-agent-1.14.6.jar:/Users/hummel/.m2/repository/org/objenesis/objenesis/3.3/objenesis-3.3.jar:/Users/hummel/.m2/repository/org/mockito/mockito-junit-jupiter/5.5.0/mockito-junit-jupiter-5.5.0.jar:"/>
    <property name="sun.cpu.endian" value="little"/>
    <property name="user.home" value="/Users/hummel"/>
    <property name="user.language" value="en"/>
    <property name="java.specification.vendor" value="Oracle Corporation"/>
    <property name="java.version.date" value="2023-10-17"/>
    <property name="java.home" value="/Users/hummel/.sdkman/candidates/java/21.0.1-graalce"/>
    <property name="file.separator" value="/"/>
    <property name="basedir" value="/Users/hummel/sources/mhus/console-master"/>
    <property name="java.vm.compressedOopsMode" value="Zero based"/>
    <property name="jdk.internal.vm.ci.enabled" value="true"/>
    <property name="line.separator" value="&#10;"/>
    <property name="java.vm.specification.vendor" value="Oracle Corporation"/>
    <property name="java.specification.name" value="Java Platform API Specification"/>
    <property name="apple.awt.application.name" value="ForkedBooter"/>
    <property name="surefire.real.class.path" value="/Users/hummel/sources/mhus/console-master/target/surefire/surefirebooter-20250913215333057_3.jar"/>
    <property name="sun.management.compiler" value="HotSpot 64-Bit Tiered Compilers"/>
    <property name="ftp.nonProxyHosts" value="local|*.local|169.254/16|*.169.254/16"/>
    <property name="java.runtime.version" value="21.0.1+12-jvmci-23.1-b19"/>
    <property name="user.name" value="hummel"/>
    <property name="stdout.encoding" value="UTF-8"/>
    <property name="path.separator" value=":"/>
    <property name="os.version" value="15.6.1"/>
    <property name="java.runtime.name" value="OpenJDK Runtime Environment"/>
    <property name="file.encoding" value="UTF-8"/>
    <property name="java.vm.name" value="OpenJDK 64-Bit Server VM"/>
    <property name="java.vendor.version" value="GraalVM CE 21.0.1+12.1"/>
    <property name="localRepository" value="/Users/hummel/.m2/repository"/>
    <property name="java.vendor.url.bug" value="https://github.com/oracle/graal/issues"/>
    <property name="java.io.tmpdir" value="/var/folders/6z/_zrlzrkj4s5c1yk_5523h4w40000gq/T/"/>
    <property name="java.version" value="21.0.1"/>
    <property name="user.dir" value="/Users/hummel/sources/mhus/console-master"/>
    <property name="os.arch" value="aarch64"/>
    <property name="java.vm.specification.name" value="Java Virtual Machine Specification"/>
    <property name="native.encoding" value="UTF-8"/>
    <property name="java.library.path" value="/Users/hummel/Library/Java/Extensions:/Library/Java/Extensions:/Network/Library/Java/Extensions:/System/Library/Java/Extensions:/usr/lib/java:."/>
    <property name="java.vm.info" value="mixed mode, sharing"/>
    <property name="stderr.encoding" value="UTF-8"/>
    <property name="java.vendor" value="GraalVM Community"/>
    <property name="java.vm.version" value="21.0.1+12-jvmci-23.1-b19"/>
    <property name="sun.io.unicode.encoding" value="UnicodeBig"/>
    <property name="socksNonProxyHosts" value="local|*.local|169.254/16|*.169.254/16"/>
    <property name="java.class.version" value="65.0"/>
  </properties>
  <testcase name="shouldSetMinAndMaxSizeTogether" classname="com.consolemaster.CanvasTest" time="0.01"/>
  <testcase name="shouldCalculateRightAndBottomBoundaries" classname="com.consolemaster.CanvasTest" time="0.001"/>
  <testcase name="shouldHandleInvalidConstraints" classname="com.consolemaster.CanvasTest" time="0.001"/>
  <testcase name="shouldCreateCanvasWithCorrectDimensions" classname="com.consolemaster.CanvasTest" time="0.001"/>
  <testcase name="shouldEnforceMinimumSizeWhenSettingDimensions" classname="com.consolemaster.CanvasTest" time="0.001"/>
  <testcase name="shouldUpdateDimensions" classname="com.consolemaster.CanvasTest" time="0.0"/>
  <testcase name="shouldAllowNullLayoutConstraint" classname="com.consolemaster.CanvasTest" time="0.002"/>
  <testcase name="shouldUpdatePosition" classname="com.consolemaster.CanvasTest" time="0.0"/>
  <testcase name="shouldToggleVisibility" classname="com.consolemaster.CanvasTest" time="0.0"/>
  <testcase name="shouldEnforceConstraintsInConstructor" classname="com.consolemaster.CanvasTest" time="0.0"/>
  <testcase name="shouldCreateCanvasWithConstraints" classname="com.consolemaster.CanvasTest" time="0.001"/>
  <testcase name="shouldEnforceMaximumSizeWhenSettingDimensions" classname="com.consolemaster.CanvasTest" time="0.0"/>
  <testcase name="shouldSetAndGetLayoutConstraint" classname="com.consolemaster.CanvasTest" time="0.001"/>
  <testcase name="shouldSetAndEnforceSizeConstraints" classname="com.consolemaster.CanvasTest" time="0.001"/>
  <testcase name="shouldCheckSizeValidation" classname="com.consolemaster.CanvasTest" time="0.0"/>
  <testcase name="shouldDetectPointsWithinBounds" classname="com.consolemaster.CanvasTest" time="0.0"/>
</testsuite>